<?xml version="1.0" encoding="UTF-8"?>
<!-- Generated by org.testng.reporters.JUnitXMLReporter -->
<testsuite ignored="0" hostname="DESKTOP-TNLICC1" failures="0" tests="3" name="Test" time="291.116" errors="0" timestamp="2022-09-25T11:52:14 IST">
  <testcase classname="testcases.SimplilearnLoginTest" name="Test1" time="112.639"/>
  <testcase classname="testcases.SimplilearnLoginTest" name="Test2" time="10.057"/>
  <testcase classname="testcases.SimplilearnLoginTest" name="Test3" time="9.38"/>
</testsuite> <!-- Test -->
