<?xml version="1.0" encoding="UTF-8"?>
<!-- Generated by org.testng.reporters.JUnitXMLReporter -->
<testsuite ignored="0" hostname="DESKTOP-TNLICC1" failures="0" tests="3" name="Test" time="0.113" errors="0" timestamp="2022-09-22T21:44:41 IST">
  <testcase classname="testcases.BaseClass" name="@BeforeTest DataSetup" time="0.014">
    <failure type="java.io.FileNotFoundException" message="exceldata.xlsx (The system cannot find the file specified)">
      <![CDATA[java.io.FileNotFoundException: exceldata.xlsx (The system cannot find the file specified)
at java.base/java.io.FileInputStream.open0(Native Method)
at java.base/java.io.FileInputStream.open(FileInputStream.java:219)
at java.base/java.io.FileInputStream.<init>(FileInputStream.java:157)
at java.base/java.io.FileInputStream.<init>(FileInputStream.java:112)
at testcases.BaseClass.DataSetup(BaseClass.java:36)
... Removed 28 stack frames]]>
    </failure>
  </testcase> <!-- @BeforeTest DataSetup -->
  <testcase classname="testcases.BaseClass" name="@BeforeMethod Setup" time="0.0">
    <skipped/>
  </testcase> <!-- @BeforeMethod Setup -->
  <testcase classname="testcases.BaseClass" name="@AfterMethod TearDown" time="0.0">
    <skipped/>
  </testcase> <!-- @AfterMethod TearDown -->
  <testcase classname="testcases.BaseClass" name="@BeforeMethod Setup" time="0.0">
    <skipped/>
  </testcase> <!-- @BeforeMethod Setup -->
  <testcase classname="testcases.BaseClass" name="@AfterMethod TearDown" time="0.0">
    <skipped/>
  </testcase> <!-- @AfterMethod TearDown -->
  <testcase classname="testcases.BaseClass" name="@BeforeMethod Setup" time="0.0">
    <skipped/>
  </testcase> <!-- @BeforeMethod Setup -->
  <testcase classname="testcases.BaseClass" name="@AfterMethod TearDown" time="0.0">
    <skipped/>
  </testcase> <!-- @AfterMethod TearDown -->
  <testcase classname="testcases.BaseClass" name="@AfterTest DataClean" time="0.0">
    <skipped/>
  </testcase> <!-- @AfterTest DataClean -->
  <testcase classname="testcases.SimplilearnLoginTest" name="Test1" time="0.0">
    <skipped/>
  </testcase> <!-- Test1 -->
  <testcase classname="testcases.SimplilearnLoginTest" name="Test2" time="0.0">
    <skipped/>
  </testcase> <!-- Test2 -->
  <testcase classname="testcases.SimplilearnLoginTest" name="Test3" time="0.001">
    <skipped/>
  </testcase> <!-- Test3 -->
</testsuite> <!-- Test -->
