<?xml version="1.0" encoding="UTF-8"?>
<!-- Generated by org.testng.reporters.JUnitXMLReporter -->
<testsuite ignored="0" hostname="DESKTOP-TNLICC1" failures="0" tests="3" name="Test" time="101.014" errors="0" timestamp="27 Sep 2022 14:35:52 GMT">
  <testcase classname="testcases.SimplilearnLoginTest" name="Test1" time="19.135"/>
  <testcase classname="testcases.SimplilearnLoginTest" name="Test2" time="13.507"/>
  <testcase classname="testcases.SimplilearnLoginTest" name="Test3" time="16.263"/>
</testsuite> <!-- Test -->
