<?xml version="1.0" encoding="UTF-8"?>
<testsuite xmlns:xsi="http://www.w3.org/2001/XMLSchema-instance" xsi:noNamespaceSchemaLocation="https://maven.apache.org/surefire/maven-surefire-plugin/xsd/surefire-test-report-3.0.xsd" version="3.0" name="TestSuite" time="3.656" tests="11" errors="0" skipped="10" failures="1">
  <properties>
[...]
</properties>
  <testcase name="DataSetup" classname="testcases.SimplilearnLoginTest" time="1.56">
    <failure message="exceldata.xlsx (The system cannot find the file specified)" type="java.io.FileNotFoundException"><![CDATA[java.io.FileNotFoundException: exceldata.xlsx (The system cannot find the file specified)
]]></failure>
    <system-out><![CDATA[Inside Before Test
]]></system-out>
    <system-err><![CDATA[SLF4J: Failed to load class "org.slf4j.impl.StaticLoggerBinder".
SLF4J: Defaulting to no-operation (NOP) logger implementation
SLF4J: See http://www.slf4j.org/codes.html#StaticLoggerBinder for further details.
]]></system-err>
  </testcase>
  <testcase name="Setup" classname="testcases.SimplilearnLoginTest" time="0">
    <skipped/>
  </testcase>
  <testcase name="Setup" classname="testcases.SimplilearnLoginTest" time="0">
    <skipped/>
  </testcase>
  <testcase name="Setup" classname="testcases.SimplilearnLoginTest" time="0">
    <skipped/>
  </testcase>
  <testcase name="Test1" classname="testcases.SimplilearnLoginTest" time="0">
    <skipped message="exceldata.xlsx (The system cannot find the file specified)"/>
  </testcase>
  <testcase name="TearDown" classname="testcases.SimplilearnLoginTest" time="0">
    <skipped/>
  </testcase>
  <testcase name="TearDown" classname="testcases.SimplilearnLoginTest" time="0">
    <skipped/>
  </testcase>
  <testcase name="TearDown" classname="testcases.SimplilearnLoginTest" time="0">
    <skipped/>
  </testcase>
  <testcase name="Test2[abc@xyz.com, Abc@1234](1)" classname="testcases.SimplilearnLoginTest" time="0">
    <skipped message="exceldata.xlsx (The system cannot find the file specified)"/>
  </testcase>
  <testcase name="Test3" classname="testcases.SimplilearnLoginTest" time="0">
    <skipped message="exceldata.xlsx (The system cannot find the file specified)"/>
  </testcase>
  <testcase name="DataClean" classname="testcases.SimplilearnLoginTest" time="0">
    <skipped/>
  </testcase>
</testsuite>