<?xml version="1.0" encoding="UTF-8"?>
<testng-results ignored="0" total="3" passed="3" failed="0" skipped="0">
  <reporter-output>
  </reporter-output>
  <suite started-at="2022-09-27T14:34:11Z" name="Suite" finished-at="2022-09-27T14:35:52Z" duration-ms="101014">
    <groups>
    </groups>
    <test started-at="2022-09-27T14:34:11Z" name="Test" finished-at="2022-09-27T14:35:52Z" duration-ms="101014">
      <class name="testcases.SimplilearnLoginTest">
        <test-method is-config="true" signature="DataSetup()[pri:0, instance:testcases.SimplilearnLoginTest@16b2bb0c]" started-at="2022-09-27T14:34:11Z" name="DataSetup" finished-at="2022-09-27T14:34:13Z" duration-ms="2760" status="PASS">
          <reporter-output>
          </reporter-output>
        </test-method> <!-- DataSetup -->
        <test-method is-config="true" signature="Setup(java.lang.reflect.Method)[pri:0, instance:testcases.SimplilearnLoginTest@16b2bb0c]" started-at="2022-09-27T14:34:13Z" name="Setup" finished-at="2022-09-27T14:34:37Z" duration-ms="23384" status="PASS">
          <params>
            <param index="0">
              <value>
                <![CDATA[public void testcases.SimplilearnLoginTest.Test1()]]>
              </value>
            </param>
          </params>
          <reporter-output>
          </reporter-output>
        </test-method> <!-- Setup -->
        <test-method signature="Test1()[pri:0, instance:testcases.SimplilearnLoginTest@16b2bb0c]" started-at="2022-09-27T14:34:37Z" name="Test1" finished-at="2022-09-27T14:34:56Z" duration-ms="19135" status="PASS">
          <reporter-output>
          </reporter-output>
        </test-method> <!-- Test1 -->
        <test-method is-config="true" signature="TearDown()[pri:0, instance:testcases.SimplilearnLoginTest@16b2bb0c]" started-at="2022-09-27T14:34:56Z" name="TearDown" finished-at="2022-09-27T14:34:57Z" duration-ms="705" status="PASS">
          <reporter-output>
          </reporter-output>
        </test-method> <!-- TearDown -->
        <test-method is-config="true" signature="Setup(java.lang.reflect.Method)[pri:0, instance:testcases.SimplilearnLoginTest@16b2bb0c]" started-at="2022-09-27T14:34:57Z" name="Setup" finished-at="2022-09-27T14:35:12Z" duration-ms="15631" status="PASS">
          <params>
            <param index="0">
              <value>
                <![CDATA[public void testcases.SimplilearnLoginTest.Test2(java.lang.String,java.lang.String)]]>
              </value>
            </param>
          </params>
          <reporter-output>
          </reporter-output>
        </test-method> <!-- Setup -->
        <test-method signature="Test2(java.lang.String, java.lang.String)[pri:0, instance:testcases.SimplilearnLoginTest@16b2bb0c]" started-at="2022-09-27T14:35:12Z" name="Test2" finished-at="2022-09-27T14:35:26Z" duration-ms="13507" status="PASS">
          <params>
            <param index="0">
              <value>
                <![CDATA[abc@xyz.com]]>
              </value>
            </param>
            <param index="1">
              <value>
                <![CDATA[Abc@1234]]>
              </value>
            </param>
          </params>
          <reporter-output>
          </reporter-output>
        </test-method> <!-- Test2 -->
        <test-method is-config="true" signature="TearDown()[pri:0, instance:testcases.SimplilearnLoginTest@16b2bb0c]" started-at="2022-09-27T14:35:26Z" name="TearDown" finished-at="2022-09-27T14:35:26Z" duration-ms="464" status="PASS">
          <reporter-output>
          </reporter-output>
        </test-method> <!-- TearDown -->
        <test-method is-config="true" signature="Setup(java.lang.reflect.Method)[pri:0, instance:testcases.SimplilearnLoginTest@16b2bb0c]" started-at="2022-09-27T14:35:26Z" name="Setup" finished-at="2022-09-27T14:35:34Z" duration-ms="7976" status="PASS">
          <params>
            <param index="0">
              <value>
                <![CDATA[public void testcases.SimplilearnLoginTest.Test3()]]>
              </value>
            </param>
          </params>
          <reporter-output>
          </reporter-output>
        </test-method> <!-- Setup -->
        <test-method signature="Test3()[pri:0, instance:testcases.SimplilearnLoginTest@16b2bb0c]" started-at="2022-09-27T14:35:34Z" name="Test3" finished-at="2022-09-27T14:35:50Z" duration-ms="16263" status="PASS">
          <reporter-output>
          </reporter-output>
        </test-method> <!-- Test3 -->
        <test-method is-config="true" signature="TearDown()[pri:0, instance:testcases.SimplilearnLoginTest@16b2bb0c]" started-at="2022-09-27T14:35:50Z" name="TearDown" finished-at="2022-09-27T14:35:51Z" duration-ms="172" status="PASS">
          <reporter-output>
          </reporter-output>
        </test-method> <!-- TearDown -->
        <test-method is-config="true" signature="DataClean()[pri:0, instance:testcases.SimplilearnLoginTest@16b2bb0c]" started-at="2022-09-27T14:35:51Z" name="DataClean" finished-at="2022-09-27T14:35:52Z" duration-ms="973" status="PASS">
          <reporter-output>
          </reporter-output>
        </test-method> <!-- DataClean -->
      </class> <!-- testcases.SimplilearnLoginTest -->
    </test> <!-- Test -->
  </suite> <!-- Suite -->
</testng-results>
